Sun 30 May 2021 01:04:00 AM UTC
     -16  0.0   0.001467  0  VK3AMW QF22 33 
<DecodeFinished>
Sun 30 May 2021 01:06:00 AM UTC
     -26 -1.4   0.001492 -1  VK3GOD QF23 23 
<DecodeFinished>
Sun 30 May 2021 01:10:00 AM UTC
<DecodeFinished>
Sun 30 May 2021 01:12:00 AM UTC
<DecodeFinished>
Sun 30 May 2021 01:14:00 AM UTC
<DecodeFinished>
Sun 30 May 2021 01:16:00 AM UTC
     -25 -3.1   0.001489 -3  VK4MOT QG62 23 
<DecodeFinished>
Sun 30 May 2021 01:20:00 AM UTC
<DecodeFinished>
Sun 30 May 2021 01:22:00 AM UTC
     -14  0.0   0.001472  0  VK3AMW QF22 33 
<DecodeFinished>
Sun 30 May 2021 01:46:00 AM UTC
<DecodeFinished>
Sun 30 May 2021 01:50:00 AM UTC
<DecodeFinished>
Sun 30 May 2021 01:52:00 AM UTC
<DecodeFinished>
Sun 30 May 2021 01:56:00 AM UTC
<DecodeFinished>
Sun 30 May 2021 02:00:00 AM UTC
     -24 -1.2   0.001490 -1  VK2NZQ QF44 27 
<DecodeFinished>
Sun 30 May 2021 02:04:00 AM UTC
<DecodeFinished>
Sun 30 May 2021 02:06:00 AM UTC
Sun 30 May 2021 02:28:00 AM UTC
<DecodeFinished>
Sun 30 May 2021 02:30:00 AM UTC
<DecodeFinished>
Sun 30 May 2021 02:32:00 AM UTC
<DecodeFinished>
Sun 30 May 2021 02:34:00 AM UTC
     -18 -0.4   0.001480  0  VK3AMW QF22 33 
<DecodeFinished>
Sun 30 May 2021 02:38:00 AM UTC
<DecodeFinished>
Sun 30 May 2021 02:40:00 AM UTC
<DecodeFinished>
Sun 30 May 2021 02:44:00 AM UTC
<DecodeFinished>
Sun 30 May 2021 03:10:00 AM UTC
<DecodeFinished>
Sun 30 May 2021 03:12:00 AM UTC
<DecodeFinished>
Sun 30 May 2021 03:16:00 AM UTC
<DecodeFinished>
Sun 30 May 2021 03:20:00 AM UTC
<DecodeFinished>
Sun 30 May 2021 03:22:00 AM UTC
<DecodeFinished>
Sun 30 May 2021 03:26:00 AM UTC
<DecodeFinished>
Sun 30 May 2021 03:28:00 AM UTC
<DecodeFinished>
Sun 30 May 2021 03:30:00 AM UTC
Sun 30 May 2021 03:58:00 AM UTC
     -15 -2.0   0.001552 -2  VK1STU QF44 37 
<DecodeFinished>
Sun 30 May 2021 04:02:00 AM UTC
     -22  1.1   0.001496  1  VK1DPB QF44 23 
<DecodeFinished>
Sun 30 May 2021 04:06:00 AM UTC
     -25 -1.1   0.001492 -1  VK4MOT QG62 23 
     -22  1.2   0.001495  1  VK1DPB QF44 23 
<DecodeFinished>
Sun 30 May 2021 04:10:00 AM UTC
     -25 -1.1   0.001499 -1  VK2NZQ QF44 27 
<DecodeFinished>
Sun 30 May 2021 04:14:00 AM UTC
     -21  1.1   0.001494  1  VK1DPB QF44 23 
<DecodeFinished>
Sun 30 May 2021 04:40:00 AM UTC
<DecodeFinished>
Sun 30 May 2021 04:44:00 AM UTC
<DecodeFinished>
Sun 30 May 2021 04:46:00 AM UTC
<DecodeFinished>
Sun 30 May 2021 04:50:00 AM UTC
     -26 -1.1   0.001503 -1  VK2NZQ QF44 27 
<DecodeFinished>
Sun 30 May 2021 04:54:00 AM UTC
<DecodeFinished>
Sun 30 May 2021 04:56:00 AM UTC
<DecodeFinished>
Sun 30 May 2021 04:58:00 AM UTC
     -24  1.1   0.001497  1  VK1DPB QF44 23 
<DecodeFinished>
Sun 30 May 2021 05:34:00 AM UTC
<DecodeFinished>
Sun 30 May 2021 05:36:00 AM UTC
     -26 -0.8   0.001543  0  VK3GOD QF23 23 
<DecodeFinished>
Sun 30 May 2021 05:40:00 AM UTC
<DecodeFinished>
Sun 30 May 2021 05:42:00 AM UTC
      -7 -1.8   0.001462 -1  VK2ATZ QF57 23 
     -26  0.3   0.001501  0  VK1DPB QF44 23 
<DecodeFinished>
Sun 30 May 2021 05:46:00 AM UTC
     -22  3.0   0.001433  3  <...> QF55GT 23 
     -19 -1.2   0.001445 -1  VK2GMH QF56 33 
     -12  0.0   0.001487  0  VK3AMW QF22 33 
     -27 -0.7   0.001538  0  VK3GOD QF23 23 
<DecodeFinished>
Sun 30 May 2021 05:50:00 AM UTC
     -28 -1.0   0.001506  0  VK2NZQ QF44 27 
<DecodeFinished>
Sun 30 May 2021 05:54:00 AM UTC
<DecodeFinished>
Sun 30 May 2021 05:56:00 AM UTC
Sun 30 May 2021 06:18:00 AM UTC
     -14 -0.0   0.001489  0  VK3AMW QF22 33 
<DecodeFinished>
Sun 30 May 2021 06:22:00 AM UTC
     -15 -1.1   0.001462 -1  VK2ATZ QF57 23 
<DecodeFinished>
Sun 30 May 2021 06:26:00 AM UTC
     -27 -0.7   0.001440  0  VK3GOD QF23 23 
     -16  1.1   0.001502  1  VK1DPB QF44 23 
<DecodeFinished>
Sun 30 May 2021 06:30:00 AM UTC
     -16 -1.1   0.001508 -1  VK2NZQ QF44 27 
<DecodeFinished>
Sun 30 May 2021 06:34:00 AM UTC
<DecodeFinished>
Sun 30 May 2021 06:38:00 AM UTC
<DecodeFinished>
Sun 30 May 2021 07:06:00 AM UTC
     -24 -1.0   0.001493 -1  VK4MOT QG62 23 
<DecodeFinished>
Sun 30 May 2021 07:10:00 AM UTC
     -26 -0.9   0.001480  0  VK4YEH QG62 37 
<DecodeFinished>
Sun 30 May 2021 07:14:00 AM UTC
     -25  2.9   0.001470  2  VK2QQ QF55 23 
<DecodeFinished>
Sun 30 May 2021 07:18:00 AM UTC
     -19  1.1   0.001499  1  VK1DPB QF44 23 
<DecodeFinished>
Sun 30 May 2021 07:22:00 AM UTC
<DecodeFinished>
Sun 30 May 2021 07:24:00 AM UTC
     -20  1.1   0.001499  1  VK1DPB QF44 23 
<DecodeFinished>
